<?xml version="1.0" encoding="UTF-8"?>
<!-- Generated by org.testng.reporters.JUnitReportReporter -->
<testsuite hostname="Kalyani" failures="0" tests="1" name="restAPIPhase3Project.EndToEndTest" time="4.640" errors="0" timestamp="10 Oct 2023 03:48:52 GMT" skipped="0">
  <testcase classname="restAPIPhase3Project.EndToEndTest" name="runtestCases" time="4.640"/>
</testsuite> <!-- restAPIPhase3Project.EndToEndTest -->
